<?xml version="1.0" encoding="UTF-8"?>
<testng-results ignored="0" total="12" passed="11" failed="1" skipped="0">
  <reporter-output>
  </reporter-output>
  <suite started-at="2024-06-08T17:08:22Z" name="Suite" finished-at="2024-06-08T17:10:32Z" duration-ms="129238">
    <groups>
    </groups>
    <test started-at="2024-06-08T17:08:22Z" name="Test" finished-at="2024-06-08T17:10:32Z" duration-ms="129238">
      <class name="com.magento.TestCases.LoginTest">
        <test-method is-config="true" signature="createLoginSetup()[pri:0, instance:com.magento.TestCases.LoginTest@f1da57d]" started-at="2024-06-08T13:09:59Z" name="createLoginSetup" finished-at="2024-06-08T13:10:04Z" duration-ms="5034" status="PASS">
          <reporter-output>
          </reporter-output>
        </test-method> <!-- createLoginSetup -->
        <test-method signature="loginWithValidCredentials(java.lang.String, java.lang.String)[pri:1, instance:com.magento.TestCases.LoginTest@f1da57d]" started-at="2024-06-08T13:10:04Z" name="loginWithValidCredentials" data-provider="LoginMAGENTO" finished-at="2024-06-08T13:10:08Z" duration-ms="4582" status="PASS">
          <params>
            <param index="0">
              <value>
                <![CDATA[seleniumpanda@gmail.com]]>
              </value>
            </param>
            <param index="1">
              <value>
                <![CDATA[Selenium@123]]>
              </value>
            </param>
          </params>
          <reporter-output>
          </reporter-output>
        </test-method> <!-- loginWithValidCredentials -->
        <test-method is-config="true" signature="tearDown()[pri:0, instance:com.magento.TestCases.LoginTest@f1da57d]" started-at="2024-06-08T13:10:08Z" name="tearDown" finished-at="2024-06-08T13:10:08Z" duration-ms="153" status="PASS">
          <reporter-output>
          </reporter-output>
        </test-method> <!-- tearDown -->
        <test-method is-config="true" signature="createLoginSetup()[pri:0, instance:com.magento.TestCases.LoginTest@f1da57d]" started-at="2024-06-08T13:10:08Z" name="createLoginSetup" finished-at="2024-06-08T13:10:13Z" duration-ms="4225" status="PASS">
          <reporter-output>
          </reporter-output>
        </test-method> <!-- createLoginSetup -->
        <test-method signature="loginWithValidCredentials(java.lang.String, java.lang.String)[pri:1, instance:com.magento.TestCases.LoginTest@f1da57d]" started-at="2024-06-08T13:10:13Z" name="loginWithValidCredentials" data-provider="LoginMAGENTO" finished-at="2024-06-08T13:10:16Z" duration-ms="3304" status="PASS">
          <params>
            <param index="0">
              <value>
                <![CDATA[seleniumpanda1@gmail.com]]>
              </value>
            </param>
            <param index="1">
              <value>
                <![CDATA[Selenium@123]]>
              </value>
            </param>
          </params>
          <reporter-output>
          </reporter-output>
        </test-method> <!-- loginWithValidCredentials -->
        <test-method is-config="true" signature="tearDown()[pri:0, instance:com.magento.TestCases.LoginTest@f1da57d]" started-at="2024-06-08T13:10:16Z" name="tearDown" finished-at="2024-06-08T13:10:16Z" duration-ms="217" status="PASS">
          <reporter-output>
          </reporter-output>
        </test-method> <!-- tearDown -->
        <test-method is-config="true" signature="createLoginSetup()[pri:0, instance:com.magento.TestCases.LoginTest@f1da57d]" started-at="2024-06-08T13:10:21Z" name="createLoginSetup" finished-at="2024-06-08T13:10:25Z" duration-ms="4328" status="PASS">
          <reporter-output>
          </reporter-output>
        </test-method> <!-- createLoginSetup -->
        <test-method signature="loginWithInvalidCredentials()[pri:2, instance:com.magento.TestCases.LoginTest@f1da57d]" started-at="2024-06-08T13:10:25Z" name="loginWithInvalidCredentials" finished-at="2024-06-08T13:10:31Z" duration-ms="5666" status="FAIL">
          <exception class="java.lang.AssertionError">
            <message>
              <![CDATA[expected [false] but found [true]]]>
            </message>
            <full-stacktrace>
              <![CDATA[java.lang.AssertionError: expected [false] but found [true]
	at org.testng.Assert.fail(Assert.java:93)
	at org.testng.Assert.failNotEquals(Assert.java:512)
	at org.testng.Assert.assertFalse(Assert.java:62)
	at org.testng.Assert.assertFalse(Assert.java:72)
	at com.magento.TestCases.LoginTest.loginWithInvalidCredentials(LoginTest.java:50)
	at java.base/jdk.internal.reflect.NativeMethodAccessorImpl.invoke0(Native Method)
	at java.base/jdk.internal.reflect.NativeMethodAccessorImpl.invoke(NativeMethodAccessorImpl.java:77)
	at java.base/jdk.internal.reflect.DelegatingMethodAccessorImpl.invoke(DelegatingMethodAccessorImpl.java:43)
	at java.base/java.lang.reflect.Method.invoke(Method.java:568)
	at org.testng.internal.MethodInvocationHelper.invokeMethod(MethodInvocationHelper.java:108)
	at org.testng.internal.Invoker.invokeMethod(Invoker.java:661)
	at org.testng.internal.Invoker.invokeTestMethod(Invoker.java:869)
	at org.testng.internal.Invoker.invokeTestMethods(Invoker.java:1193)
	at org.testng.internal.TestMethodWorker.invokeTestMethods(TestMethodWorker.java:126)
	at org.testng.internal.TestMethodWorker.run(TestMethodWorker.java:109)
	at org.testng.TestRunner.privateRun(TestRunner.java:744)
	at org.testng.TestRunner.run(TestRunner.java:602)
	at org.testng.SuiteRunner.runTest(SuiteRunner.java:380)
	at org.testng.SuiteRunner.runSequentially(SuiteRunner.java:375)
	at org.testng.SuiteRunner.privateRun(SuiteRunner.java:340)
	at org.testng.SuiteRunner.run(SuiteRunner.java:289)
	at org.testng.SuiteRunnerWorker.runSuite(SuiteRunnerWorker.java:52)
	at org.testng.SuiteRunnerWorker.run(SuiteRunnerWorker.java:86)
	at org.testng.TestNG.runSuitesSequentially(TestNG.java:1301)
	at org.testng.TestNG.runSuitesLocally(TestNG.java:1226)
	at org.testng.TestNG.runSuites(TestNG.java:1144)
	at org.testng.TestNG.run(TestNG.java:1115)
	at org.testng.remote.AbstractRemoteTestNG.run(AbstractRemoteTestNG.java:115)
	at org.testng.remote.RemoteTestNG.initAndRun(RemoteTestNG.java:251)
	at org.testng.remote.RemoteTestNG.main(RemoteTestNG.java:77)
]]>
            </full-stacktrace>
          </exception> <!-- java.lang.AssertionError -->
          <reporter-output>
          </reporter-output>
        </test-method> <!-- loginWithInvalidCredentials -->
        <test-method is-config="true" signature="tearDown()[pri:0, instance:com.magento.TestCases.LoginTest@f1da57d]" started-at="2024-06-08T13:10:31Z" name="tearDown" finished-at="2024-06-08T13:10:32Z" duration-ms="165" status="PASS">
          <reporter-output>
          </reporter-output>
        </test-method> <!-- tearDown -->
      </class> <!-- com.magento.TestCases.LoginTest -->
      <class name="com.magento.TestCases.CreateAccountTest">
        <test-method is-config="true" signature="createAccountSetup()[pri:0, instance:com.magento.TestCases.CreateAccountTest@480d3575]" started-at="2024-06-08T13:08:23Z" name="createAccountSetup" finished-at="2024-06-08T13:08:29Z" duration-ms="5716" status="PASS">
          <reporter-output>
          </reporter-output>
        </test-method> <!-- createAccountSetup -->
        <test-method signature="createAccountWithMandatoryDetails(java.lang.String, java.lang.String, java.lang.String, java.lang.String)[pri:1, instance:com.magento.TestCases.CreateAccountTest@480d3575]" started-at="2024-06-08T13:08:29Z" name="createAccountWithMandatoryDetails" data-provider="CreateAccountMAGENTO" finished-at="2024-06-08T13:08:36Z" duration-ms="7003" status="PASS">
          <params>
            <param index="0">
              <value>
                <![CDATA[Selenium]]>
              </value>
            </param>
            <param index="1">
              <value>
                <![CDATA[Panda]]>
              </value>
            </param>
            <param index="2">
              <value>
                <![CDATA[Selenium@123]]>
              </value>
            </param>
            <param index="3">
              <value>
                <![CDATA[Selenium@123]]>
              </value>
            </param>
          </params>
          <reporter-output>
          </reporter-output>
        </test-method> <!-- createAccountWithMandatoryDetails -->
        <test-method is-config="true" signature="tearDown()[pri:0, instance:com.magento.TestCases.CreateAccountTest@480d3575]" started-at="2024-06-08T13:08:36Z" name="tearDown" finished-at="2024-06-08T13:08:36Z" duration-ms="242" status="PASS">
          <reporter-output>
          </reporter-output>
        </test-method> <!-- tearDown -->
        <test-method is-config="true" signature="createAccountSetup()[pri:0, instance:com.magento.TestCases.CreateAccountTest@480d3575]" started-at="2024-06-08T13:08:36Z" name="createAccountSetup" finished-at="2024-06-08T13:08:42Z" duration-ms="5340" status="PASS">
          <reporter-output>
          </reporter-output>
        </test-method> <!-- createAccountSetup -->
        <test-method signature="createAccountWithMandatoryDetails(java.lang.String, java.lang.String, java.lang.String, java.lang.String)[pri:1, instance:com.magento.TestCases.CreateAccountTest@480d3575]" started-at="2024-06-08T13:08:42Z" name="createAccountWithMandatoryDetails" data-provider="CreateAccountMAGENTO" finished-at="2024-06-08T13:08:48Z" duration-ms="6437" status="PASS">
          <params>
            <param index="0">
              <value>
                <![CDATA[Selenium]]>
              </value>
            </param>
            <param index="1">
              <value>
                <![CDATA[Panda]]>
              </value>
            </param>
            <param index="2">
              <value>
                <![CDATA[Selenium@123]]>
              </value>
            </param>
            <param index="3">
              <value>
                <![CDATA[Selenium@123]]>
              </value>
            </param>
          </params>
          <reporter-output>
          </reporter-output>
        </test-method> <!-- createAccountWithMandatoryDetails -->
        <test-method is-config="true" signature="tearDown()[pri:0, instance:com.magento.TestCases.CreateAccountTest@480d3575]" started-at="2024-06-08T13:08:48Z" name="tearDown" finished-at="2024-06-08T13:08:48Z" duration-ms="154" status="PASS">
          <reporter-output>
          </reporter-output>
        </test-method> <!-- tearDown -->
        <test-method is-config="true" signature="createAccountSetup()[pri:0, instance:com.magento.TestCases.CreateAccountTest@480d3575]" started-at="2024-06-08T13:08:48Z" name="createAccountSetup" finished-at="2024-06-08T13:08:52Z" duration-ms="3977" status="PASS">
          <reporter-output>
          </reporter-output>
        </test-method> <!-- createAccountSetup -->
        <test-method signature="createAccountWithMandatoryDetails(java.lang.String, java.lang.String, java.lang.String, java.lang.String)[pri:1, instance:com.magento.TestCases.CreateAccountTest@480d3575]" started-at="2024-06-08T13:08:52Z" name="createAccountWithMandatoryDetails" data-provider="CreateAccountMAGENTO" finished-at="2024-06-08T13:09:01Z" duration-ms="8409" status="PASS">
          <params>
            <param index="0">
              <value>
                <![CDATA[Selenium]]>
              </value>
            </param>
            <param index="1">
              <value>
                <![CDATA[Panda]]>
              </value>
            </param>
            <param index="2">
              <value>
                <![CDATA[Selenium@123]]>
              </value>
            </param>
            <param index="3">
              <value>
                <![CDATA[Selenium@123]]>
              </value>
            </param>
          </params>
          <reporter-output>
          </reporter-output>
        </test-method> <!-- createAccountWithMandatoryDetails -->
        <test-method is-config="true" signature="tearDown()[pri:0, instance:com.magento.TestCases.CreateAccountTest@480d3575]" started-at="2024-06-08T13:09:01Z" name="tearDown" finished-at="2024-06-08T13:09:01Z" duration-ms="225" status="PASS">
          <reporter-output>
          </reporter-output>
        </test-method> <!-- tearDown -->
        <test-method is-config="true" signature="createAccountSetup()[pri:0, instance:com.magento.TestCases.CreateAccountTest@480d3575]" started-at="2024-06-08T13:09:01Z" name="createAccountSetup" finished-at="2024-06-08T13:09:06Z" duration-ms="5106" status="PASS">
          <reporter-output>
          </reporter-output>
        </test-method> <!-- createAccountSetup -->
        <test-method signature="createAccountWithMandatoryDetails(java.lang.String, java.lang.String, java.lang.String, java.lang.String)[pri:1, instance:com.magento.TestCases.CreateAccountTest@480d3575]" started-at="2024-06-08T13:09:06Z" name="createAccountWithMandatoryDetails" data-provider="CreateAccountMAGENTO" finished-at="2024-06-08T13:09:16Z" duration-ms="9848" status="PASS">
          <params>
            <param index="0">
              <value>
                <![CDATA[Selenium]]>
              </value>
            </param>
            <param index="1">
              <value>
                <![CDATA[Panda]]>
              </value>
            </param>
            <param index="2">
              <value>
                <![CDATA[Selenium@123]]>
              </value>
            </param>
            <param index="3">
              <value>
                <![CDATA[Selenium@123]]>
              </value>
            </param>
          </params>
          <reporter-output>
          </reporter-output>
        </test-method> <!-- createAccountWithMandatoryDetails -->
        <test-method is-config="true" signature="tearDown()[pri:0, instance:com.magento.TestCases.CreateAccountTest@480d3575]" started-at="2024-06-08T13:09:16Z" name="tearDown" finished-at="2024-06-08T13:09:16Z" duration-ms="205" status="PASS">
          <reporter-output>
          </reporter-output>
        </test-method> <!-- tearDown -->
        <test-method is-config="true" signature="createAccountSetup()[pri:0, instance:com.magento.TestCases.CreateAccountTest@480d3575]" started-at="2024-06-08T13:09:16Z" name="createAccountSetup" finished-at="2024-06-08T13:09:20Z" duration-ms="3537" status="PASS">
          <reporter-output>
          </reporter-output>
        </test-method> <!-- createAccountSetup -->
        <test-method signature="createAccountWithMandatoryDetails(java.lang.String, java.lang.String, java.lang.String, java.lang.String)[pri:1, instance:com.magento.TestCases.CreateAccountTest@480d3575]" started-at="2024-06-08T13:09:20Z" name="createAccountWithMandatoryDetails" data-provider="CreateAccountMAGENTO" finished-at="2024-06-08T13:09:26Z" duration-ms="6274" status="PASS">
          <params>
            <param index="0">
              <value>
                <![CDATA[Selenium]]>
              </value>
            </param>
            <param index="1">
              <value>
                <![CDATA[Panda]]>
              </value>
            </param>
            <param index="2">
              <value>
                <![CDATA[Selenium@123]]>
              </value>
            </param>
            <param index="3">
              <value>
                <![CDATA[Selenium@123]]>
              </value>
            </param>
          </params>
          <reporter-output>
          </reporter-output>
        </test-method> <!-- createAccountWithMandatoryDetails -->
        <test-method is-config="true" signature="tearDown()[pri:0, instance:com.magento.TestCases.CreateAccountTest@480d3575]" started-at="2024-06-08T13:09:26Z" name="tearDown" finished-at="2024-06-08T13:09:26Z" duration-ms="251" status="PASS">
          <reporter-output>
          </reporter-output>
        </test-method> <!-- tearDown -->
        <test-method is-config="true" signature="createAccountSetup()[pri:0, instance:com.magento.TestCases.CreateAccountTest@480d3575]" started-at="2024-06-08T13:09:26Z" name="createAccountSetup" finished-at="2024-06-08T13:09:30Z" duration-ms="3789" status="PASS">
          <reporter-output>
          </reporter-output>
        </test-method> <!-- createAccountSetup -->
        <test-method signature="createAccountWithMandatoryDetails(java.lang.String, java.lang.String, java.lang.String, java.lang.String)[pri:1, instance:com.magento.TestCases.CreateAccountTest@480d3575]" started-at="2024-06-08T13:09:30Z" name="createAccountWithMandatoryDetails" data-provider="CreateAccountMAGENTO" finished-at="2024-06-08T13:09:36Z" duration-ms="6089" status="PASS">
          <params>
            <param index="0">
              <value>
                <![CDATA[Selenium]]>
              </value>
            </param>
            <param index="1">
              <value>
                <![CDATA[Panda]]>
              </value>
            </param>
            <param index="2">
              <value>
                <![CDATA[Selenium@123]]>
              </value>
            </param>
            <param index="3">
              <value>
                <![CDATA[Selenium@123]]>
              </value>
            </param>
          </params>
          <reporter-output>
          </reporter-output>
        </test-method> <!-- createAccountWithMandatoryDetails -->
        <test-method is-config="true" signature="tearDown()[pri:0, instance:com.magento.TestCases.CreateAccountTest@480d3575]" started-at="2024-06-08T13:09:36Z" name="tearDown" finished-at="2024-06-08T13:09:36Z" duration-ms="217" status="PASS">
          <reporter-output>
          </reporter-output>
        </test-method> <!-- tearDown -->
        <test-method is-config="true" signature="createAccountSetup()[pri:0, instance:com.magento.TestCases.CreateAccountTest@480d3575]" started-at="2024-06-08T13:09:36Z" name="createAccountSetup" finished-at="2024-06-08T13:09:40Z" duration-ms="4123" status="PASS">
          <reporter-output>
          </reporter-output>
        </test-method> <!-- createAccountSetup -->
        <test-method signature="createAccountWithMandatoryDetails(java.lang.String, java.lang.String, java.lang.String, java.lang.String)[pri:1, instance:com.magento.TestCases.CreateAccountTest@480d3575]" started-at="2024-06-08T13:09:40Z" name="createAccountWithMandatoryDetails" data-provider="CreateAccountMAGENTO" finished-at="2024-06-08T13:09:48Z" duration-ms="7387" status="PASS">
          <params>
            <param index="0">
              <value>
                <![CDATA[Selenium]]>
              </value>
            </param>
            <param index="1">
              <value>
                <![CDATA[Panda]]>
              </value>
            </param>
            <param index="2">
              <value>
                <![CDATA[Selenium@123]]>
              </value>
            </param>
            <param index="3">
              <value>
                <![CDATA[Selenium@123]]>
              </value>
            </param>
          </params>
          <reporter-output>
          </reporter-output>
        </test-method> <!-- createAccountWithMandatoryDetails -->
        <test-method is-config="true" signature="tearDown()[pri:0, instance:com.magento.TestCases.CreateAccountTest@480d3575]" started-at="2024-06-08T13:09:48Z" name="tearDown" finished-at="2024-06-08T13:09:48Z" duration-ms="230" status="PASS">
          <reporter-output>
          </reporter-output>
        </test-method> <!-- tearDown -->
        <test-method is-config="true" signature="createAccountSetup()[pri:0, instance:com.magento.TestCases.CreateAccountTest@480d3575]" started-at="2024-06-08T13:09:48Z" name="createAccountSetup" finished-at="2024-06-08T13:09:52Z" duration-ms="4137" status="PASS">
          <reporter-output>
          </reporter-output>
        </test-method> <!-- createAccountSetup -->
        <test-method signature="createAccountWithMandatoryDetails(java.lang.String, java.lang.String, java.lang.String, java.lang.String)[pri:1, instance:com.magento.TestCases.CreateAccountTest@480d3575]" started-at="2024-06-08T13:09:52Z" name="createAccountWithMandatoryDetails" data-provider="CreateAccountMAGENTO" finished-at="2024-06-08T13:09:58Z" duration-ms="5984" status="PASS">
          <params>
            <param index="0">
              <value>
                <![CDATA[Selenium]]>
              </value>
            </param>
            <param index="1">
              <value>
                <![CDATA[Panda]]>
              </value>
            </param>
            <param index="2">
              <value>
                <![CDATA[Selenium@123]]>
              </value>
            </param>
            <param index="3">
              <value>
                <![CDATA[Selenium@123]]>
              </value>
            </param>
          </params>
          <reporter-output>
          </reporter-output>
        </test-method> <!-- createAccountWithMandatoryDetails -->
        <test-method is-config="true" signature="tearDown()[pri:0, instance:com.magento.TestCases.CreateAccountTest@480d3575]" started-at="2024-06-08T13:09:58Z" name="tearDown" finished-at="2024-06-08T13:09:58Z" duration-ms="228" status="PASS">
          <reporter-output>
          </reporter-output>
        </test-method> <!-- tearDown -->
        <test-method is-config="true" signature="createAccountSetup()[pri:0, instance:com.magento.TestCases.CreateAccountTest@480d3575]" started-at="2024-06-08T13:10:16Z" name="createAccountSetup" finished-at="2024-06-08T13:10:20Z" duration-ms="3817" status="PASS">
          <reporter-output>
          </reporter-output>
        </test-method> <!-- createAccountSetup -->
        <test-method signature="createAccountWithInvalidConfirmPassword()[pri:2, instance:com.magento.TestCases.CreateAccountTest@480d3575]" started-at="2024-06-08T13:10:20Z" name="createAccountWithInvalidConfirmPassword" finished-at="2024-06-08T13:10:21Z" duration-ms="1163" status="PASS">
          <reporter-output>
          </reporter-output>
        </test-method> <!-- createAccountWithInvalidConfirmPassword -->
        <test-method is-config="true" signature="tearDown()[pri:0, instance:com.magento.TestCases.CreateAccountTest@480d3575]" started-at="2024-06-08T13:10:21Z" name="tearDown" finished-at="2024-06-08T13:10:21Z" duration-ms="143" status="PASS">
          <reporter-output>
          </reporter-output>
        </test-method> <!-- tearDown -->
      </class> <!-- com.magento.TestCases.CreateAccountTest -->
    </test> <!-- Test -->
  </suite> <!-- Suite -->
</testng-results>
